{"name": "test_active_players[src\\\\data\\\\data.csv-2-True]", "status": "failed", "statusDetails": {"message": "AssertionError: is_active status does not match expected value\nassert False == True\n +  where False = item()\n +    where item = 1    False\\nName: is_active, dtype: bool.item", "trace": "get_csv_data =    id              name  age                        email  is_active\n0   1    Michael Jordan   60   michael.jordan@exa...Curry   37            invalid_email.com       True\n6   6      Nikola Jokic   30     nikola.jokic@example.com       True\nid = 2, is_active = True\n\n    @pytest.mark.parametrize(\"id, is_active\", [(1, False), (2, True)])\n    def test_active_players(get_csv_data, id, is_active):\n        df = get_csv_data\n>       assert df.loc[df['id']==id, 'is_active'].item() == is_active, \"is_active status does not match expected value\"\nE       AssertionError: is_active status does not match expected value\nE       assert False == True\nE        +  where False = item()\nE        +    where item = 1    False\\nName: is_active, dtype: bool.item\n\ntests\\test_csv\\test_csv_file.py:46: AssertionError"}, "parameters": [{"name": "get_csv_data", "value": "'src\\data\\data.csv'"}, {"name": "id", "value": "2"}, {"name": "is_active", "value": "True"}], "start": 1763251532883, "stop": 1763251532886, "uuid": "762c6818-6ce9-426f-ba7e-e6ecb8aaa674", "historyId": "2a794c071ad6af8494739b6ea34ff1e6", "testCaseId": "509cf74d5aba4670f46bdb974d933552", "fullName": "tests.test_csv.test_csv_file#test_active_players", "labels": [{"name": "parentSuite", "value": "tests.test_csv"}, {"name": "suite", "value": "test_csv_file"}, {"name": "host", "value": "EPLTVILW00C9"}, {"name": "thread", "value": "31900-MainThread"}, {"name": "framework", "value": "pytest"}, {"name": "language", "value": "cpython3"}, {"name": "package", "value": "tests.test_csv.test_csv_file"}], "titlePath": ["tests", "test_csv", "test_csv_file.py"]}