{"name": "test_active_player[src\\\\data\\\\data.csv]", "status": "failed", "statusDetails": {"message": "AssertionError: is_active status does not match expected value\nassert False\n +  where False = item()\n +    where item = 1    False\\nName: is_active, dtype: bool.item", "trace": "get_csv_data =    id              name  age                        email  is_active\n0   1    Michael Jordan   60   michael.jordan@exa...Curry   37            invalid_email.com       True\n6   6      Nikola Jokic   30     nikola.jokic@example.com       True\n\n    def test_active_player(get_csv_data):\n        df = get_csv_data\n>       assert df.loc[df['id']==2, 'is_active'].item(), \"is_active status does not match expected value\"\nE       AssertionError: is_active status does not match expected value\nE       assert False\nE        +  where False = item()\nE        +    where item = 1    False\\nName: is_active, dtype: bool.item\n\ntests\\test_csv\\test_csv_file.py:51: AssertionError"}, "parameters": [{"name": "get_csv_data", "value": "'src\\data\\data.csv'"}], "start": 1763251737426, "stop": 1763251737430, "uuid": "f05a7986-7731-47a4-8a96-25b9a5788897", "historyId": "a2ffdda67d95ed7a637c762d61fbc9c6", "testCaseId": "f38bf7fb963366b6869c81b5515dd97e", "fullName": "tests.test_csv.test_csv_file#test_active_player", "labels": [{"name": "tag", "value": "unmarked"}, {"name": "parentSuite", "value": "tests.test_csv"}, {"name": "suite", "value": "test_csv_file"}, {"name": "host", "value": "EPLTVILW00C9"}, {"name": "thread", "value": "37836-MainThread"}, {"name": "framework", "value": "pytest"}, {"name": "language", "value": "cpython3"}, {"name": "package", "value": "tests.test_csv.test_csv_file"}], "titlePath": ["tests", "test_csv", "test_csv_file.py"]}